<?xml version="1.0" encoding="UTF-8"?>
<!-- Generated by org.testng.reporters.JUnitXMLReporter -->
<testsuite hostname="DT-AKASHM" ignored="7" name="Test" tests="2" failures="0" timestamp="25 Sep 2017 06:43:56 GMT" time="0.056" errors="0">
  <testcase name="@BeforeTest beforedashboardPageTest" time="0.012" classname="com.healthec.test.functional.DashboardPageUC">
    <failure type="java.lang.NullPointerException">
      <![CDATA[java.lang.NullPointerException
	at com.healthec.UI.DashBoardPage.<init>(DashBoardPage.java:17)
	at com.healthec.test.functional.DashboardPageUC.beforedashboardPageTest(DashboardPageUC.java:31)
... Removed 23 stack frames]]>
    </failure>
  </testcase> <!-- @BeforeTest beforedashboardPageTest -->
  <testcase name="@BeforeTest beforeloginPageTest" time="0.0" classname="com.healthec.test.functional.LoginPageUC">
    <skipped/>
  </testcase> <!-- @BeforeTest beforeloginPageTest -->
  <testcase name="@BeforeMethod getInfo" time="0.0" classname="com.healthec.generic.utils.TestBaseClass">
    <skipped/>
  </testcase> <!-- @BeforeMethod getInfo -->
  <testcase name="@BeforeMethod getInfo" time="0.0" classname="com.healthec.generic.utils.TestBaseClass">
    <skipped/>
  </testcase> <!-- @BeforeMethod getInfo -->
  <testcase name="dashBoardPageTC_001" time="0.001" classname="com.healthec.test.functional.DashboardPageUC">
    <skipped/>
  </testcase> <!-- dashBoardPageTC_001 -->
  <testcase name="Loginpage_TC_008" time="0.0" classname="com.healthec.test.functional.LoginPageUC">
    <skipped/>
  </testcase> <!-- Loginpage_TC_008 -->
  <testcase name="Loginpage_TC_005" time="0.0" classname="com.healthec.test.functional.LoginPageUC">
    <ignored/>
  </testcase> <!-- Loginpage_TC_005 -->
  <testcase name="Loginpage_TC_004" time="0.0" classname="com.healthec.test.functional.LoginPageUC">
    <ignored/>
  </testcase> <!-- Loginpage_TC_004 -->
  <testcase name="Loginpage_TC_007" time="0.0" classname="com.healthec.test.functional.LoginPageUC">
    <ignored/>
  </testcase> <!-- Loginpage_TC_007 -->
  <testcase name="Loginpage_TC_006" time="0.0" classname="com.healthec.test.functional.LoginPageUC">
    <ignored/>
  </testcase> <!-- Loginpage_TC_006 -->
  <testcase name="Loginpage_TC_001" time="0.0" classname="com.healthec.test.functional.LoginPageUC">
    <ignored/>
  </testcase> <!-- Loginpage_TC_001 -->
  <testcase name="Loginpage_TC_003" time="0.0" classname="com.healthec.test.functional.LoginPageUC">
    <ignored/>
  </testcase> <!-- Loginpage_TC_003 -->
  <testcase name="Loginpage_TC_002" time="0.0" classname="com.healthec.test.functional.LoginPageUC">
    <ignored/>
  </testcase> <!-- Loginpage_TC_002 -->
</testsuite> <!-- Test -->
