<?xml version="1.0" encoding="UTF-8"?>
<!-- Generated by org.testng.reporters.JUnitXMLReporter -->
<testsuite hostname="DT-AKASHM" ignored="6" name="DashboardPageTest" tests="9" failures="2" timestamp="01 Dec 2017 10:01:51 GMT" time="74.319" errors="0">
  <testcase name="dashBoardPageTC_008" time="30.062" classname="com.healthec.test.functional.DashboardPageUC"/>
  <testcase name="dashBoardPageTC_010" time="4.519" classname="com.healthec.test.functional.DashboardPageUC"/>
  <testcase name="dashBoardPageTC_011" time="6.279" classname="com.healthec.test.functional.DashboardPageUC"/>
  <testcase name="dashBoardPageTC_012" time="7.15" classname="com.healthec.test.functional.DashboardPageUC"/>
  <testcase name="dashBoardPageTC_013" time="6.478" classname="com.healthec.test.functional.DashboardPageUC"/>
  <testcase name="dashBoardPageTC_014" time="4.98" classname="com.healthec.test.functional.DashboardPageUC">
    <failure type="org.openqa.selenium.WebDriverException" message="unknown error: Element &amp;lt;i class=&amp;quot;material-icons sub_head_lft_arrw_icn&amp;quot;&amp;gt;...&amp;lt;/i&amp;gt; is not clickable at point (19, 67). Other element would receive the click: &amp;lt;div style=&amp;quot;&amp;quot; id=&amp;quot;spinner&amp;quot; class=&amp;quot;spinner&amp;quot;&amp;gt;...&amp;lt;/div&amp;gt;
  (Session info: chrome=62.0.3202.84)
  (Driver info: chromedriver=2.28.455520 (cc17746adff54984afff480136733114c6b3704b),platform=Windows NT 10.0.14393 x86_64) (WARNING: The server did not provide any stacktrace information)
Command duration or timeout: 0 milliseconds
Build info: version: &amp;apos;3.6.0&amp;apos;, revision: &amp;apos;6fbf3ec767&amp;apos;, time: &amp;apos;2017-09-27T15:28:36.4Z&amp;apos;
System info: host: &amp;apos;DT-AKASHM&amp;apos;, ip: &amp;apos;192.168.15.118&amp;apos;, os.name: &amp;apos;Windows 10&amp;apos;, os.arch: &amp;apos;amd64&amp;apos;, os.version: &amp;apos;10.0&amp;apos;, java.version: &amp;apos;1.8.0_131&amp;apos;
Driver info: io.appium.java_client.android.AndroidDriver
Capabilities [{appPackage=com.healthec.providereconnect.phrpro, deviceScreenSize=720x1280, networkConnectionEnabled=true, warnings={}, databaseEnabled=false, deviceName=3300434c3110b265, platform=LINUX, deviceUDID=3300434c3110b265, appActivity=com.healthec.providereconnect.phrpro.HEALTHECPhrProActivity, platfromName=Android, desired={appPackage=com.healthec.providereconnect.phrpro, appActivity=com.healthec.providereconnect.phrpro.HEALTHECPhrProActivity, platfromName=Android, platformVersion=6.0.1, platformName=Android, deviceName=Real Device}, platformVersion=6.0.1, webStorageEnabled=false, locationContextEnabled=false, takesScreenshot=true, javascriptEnabled=true, deviceModel=SM-J700F, deviceManufacturer=samsung, platformName=LINUX}]
Session ID: b7d622ad-96b4-45c9-8f7d-0be74aafdd0a">
      <![CDATA[org.openqa.selenium.WebDriverException: unknown error: Element <i class="material-icons sub_head_lft_arrw_icn">...</i> is not clickable at point (19, 67). Other element would receive the click: <div style="" id="spinner" class="spinner">...</div>
  (Session info: chrome=62.0.3202.84)
  (Driver info: chromedriver=2.28.455520 (cc17746adff54984afff480136733114c6b3704b),platform=Windows NT 10.0.14393 x86_64) (WARNING: The server did not provide any stacktrace information)
Command duration or timeout: 0 milliseconds
Build info: version: '3.6.0', revision: '6fbf3ec767', time: '2017-09-27T15:28:36.4Z'
System info: host: 'DT-AKASHM', ip: '192.168.15.118', os.name: 'Windows 10', os.arch: 'amd64', os.version: '10.0', java.version: '1.8.0_131'
Driver info: io.appium.java_client.android.AndroidDriver
Capabilities [{appPackage=com.healthec.providereconnect.phrpro, deviceScreenSize=720x1280, networkConnectionEnabled=true, warnings={}, databaseEnabled=false, deviceName=3300434c3110b265, platform=LINUX, deviceUDID=3300434c3110b265, appActivity=com.healthec.providereconnect.phrpro.HEALTHECPhrProActivity, platfromName=Android, desired={appPackage=com.healthec.providereconnect.phrpro, appActivity=com.healthec.providereconnect.phrpro.HEALTHECPhrProActivity, platfromName=Android, platformVersion=6.0.1, platformName=Android, deviceName=Real Device}, platformVersion=6.0.1, webStorageEnabled=false, locationContextEnabled=false, takesScreenshot=true, javascriptEnabled=true, deviceModel=SM-J700F, deviceManufacturer=samsung, platformName=LINUX}]
Session ID: b7d622ad-96b4-45c9-8f7d-0be74aafdd0a
	at org.openqa.selenium.remote.ErrorHandler.createThrowable(ErrorHandler.java:214)
	at org.openqa.selenium.remote.ErrorHandler.throwIfResponseFailed(ErrorHandler.java:166)
	at org.openqa.selenium.remote.http.JsonHttpResponseCodec.reconstructValue(JsonHttpResponseCodec.java:40)
	at org.openqa.selenium.remote.http.AbstractHttpResponseCodec.decode(AbstractHttpResponseCodec.java:82)
	at org.openqa.selenium.remote.http.AbstractHttpResponseCodec.decode(AbstractHttpResponseCodec.java:45)
	at org.openqa.selenium.remote.HttpCommandExecutor.execute(HttpCommandExecutor.java:164)
	at io.appium.java_client.remote.AppiumCommandExecutor.execute(AppiumCommandExecutor.java:89)
	at org.openqa.selenium.remote.RemoteWebDriver.execute(RemoteWebDriver.java:586)
	at io.appium.java_client.DefaultGenericMobileDriver.execute(DefaultGenericMobileDriver.java:42)
	at io.appium.java_client.AppiumDriver.execute(AppiumDriver.java:1)
	at io.appium.java_client.android.AndroidDriver.execute(AndroidDriver.java:1)
	at org.openqa.selenium.remote.RemoteWebElement.execute(RemoteWebElement.java:279)
	at io.appium.java_client.DefaultGenericMobileElement.execute(DefaultGenericMobileElement.java:45)
	at io.appium.java_client.MobileElement.execute(MobileElement.java:1)
	at io.appium.java_client.android.AndroidElement.execute(AndroidElement.java:1)
	at org.openqa.selenium.remote.RemoteWebElement.click(RemoteWebElement.java:83)
	at com.healthec.test.functional.DashboardPageUC.dashBoardPageTC_014(DashboardPageUC.java:169)
... Removed 29 stack frames]]>
    </failure>
  </testcase> <!-- dashBoardPageTC_014 -->
  <testcase name="dashBoardPageTC_016" time="5.565" classname="com.healthec.test.functional.DashboardPageUC"/>
  <testcase name="dashBoardPageTC_017" time="1.253" classname="com.healthec.test.functional.DashboardPageUC">
    <failure type="org.openqa.selenium.WebDriverException" message="unknown error: Element &amp;lt;i class=&amp;quot;material-icons header_menu_icn&amp;quot;&amp;gt;...&amp;lt;/i&amp;gt; is not clickable at point (19, 22). Other element would receive the click: &amp;lt;div style=&amp;quot;&amp;quot; id=&amp;quot;spinner&amp;quot; class=&amp;quot;spinner&amp;quot;&amp;gt;...&amp;lt;/div&amp;gt;
  (Session info: chrome=62.0.3202.84)
  (Driver info: chromedriver=2.28.455520 (cc17746adff54984afff480136733114c6b3704b),platform=Windows NT 10.0.14393 x86_64) (WARNING: The server did not provide any stacktrace information)
Command duration or timeout: 0 milliseconds
Build info: version: &amp;apos;3.6.0&amp;apos;, revision: &amp;apos;6fbf3ec767&amp;apos;, time: &amp;apos;2017-09-27T15:28:36.4Z&amp;apos;
System info: host: &amp;apos;DT-AKASHM&amp;apos;, ip: &amp;apos;192.168.15.118&amp;apos;, os.name: &amp;apos;Windows 10&amp;apos;, os.arch: &amp;apos;amd64&amp;apos;, os.version: &amp;apos;10.0&amp;apos;, java.version: &amp;apos;1.8.0_131&amp;apos;
Driver info: io.appium.java_client.android.AndroidDriver
Capabilities [{appPackage=com.healthec.providereconnect.phrpro, deviceScreenSize=720x1280, networkConnectionEnabled=true, warnings={}, databaseEnabled=false, deviceName=3300434c3110b265, platform=LINUX, deviceUDID=3300434c3110b265, appActivity=com.healthec.providereconnect.phrpro.HEALTHECPhrProActivity, platfromName=Android, desired={appPackage=com.healthec.providereconnect.phrpro, appActivity=com.healthec.providereconnect.phrpro.HEALTHECPhrProActivity, platfromName=Android, platformVersion=6.0.1, platformName=Android, deviceName=Real Device}, platformVersion=6.0.1, webStorageEnabled=false, locationContextEnabled=false, takesScreenshot=true, javascriptEnabled=true, deviceModel=SM-J700F, deviceManufacturer=samsung, platformName=LINUX}]
Session ID: b7d622ad-96b4-45c9-8f7d-0be74aafdd0a">
      <![CDATA[org.openqa.selenium.WebDriverException: unknown error: Element <i class="material-icons header_menu_icn">...</i> is not clickable at point (19, 22). Other element would receive the click: <div style="" id="spinner" class="spinner">...</div>
  (Session info: chrome=62.0.3202.84)
  (Driver info: chromedriver=2.28.455520 (cc17746adff54984afff480136733114c6b3704b),platform=Windows NT 10.0.14393 x86_64) (WARNING: The server did not provide any stacktrace information)
Command duration or timeout: 0 milliseconds
Build info: version: '3.6.0', revision: '6fbf3ec767', time: '2017-09-27T15:28:36.4Z'
System info: host: 'DT-AKASHM', ip: '192.168.15.118', os.name: 'Windows 10', os.arch: 'amd64', os.version: '10.0', java.version: '1.8.0_131'
Driver info: io.appium.java_client.android.AndroidDriver
Capabilities [{appPackage=com.healthec.providereconnect.phrpro, deviceScreenSize=720x1280, networkConnectionEnabled=true, warnings={}, databaseEnabled=false, deviceName=3300434c3110b265, platform=LINUX, deviceUDID=3300434c3110b265, appActivity=com.healthec.providereconnect.phrpro.HEALTHECPhrProActivity, platfromName=Android, desired={appPackage=com.healthec.providereconnect.phrpro, appActivity=com.healthec.providereconnect.phrpro.HEALTHECPhrProActivity, platfromName=Android, platformVersion=6.0.1, platformName=Android, deviceName=Real Device}, platformVersion=6.0.1, webStorageEnabled=false, locationContextEnabled=false, takesScreenshot=true, javascriptEnabled=true, deviceModel=SM-J700F, deviceManufacturer=samsung, platformName=LINUX}]
Session ID: b7d622ad-96b4-45c9-8f7d-0be74aafdd0a
	at org.openqa.selenium.remote.ErrorHandler.createThrowable(ErrorHandler.java:214)
	at org.openqa.selenium.remote.ErrorHandler.throwIfResponseFailed(ErrorHandler.java:166)
	at org.openqa.selenium.remote.http.JsonHttpResponseCodec.reconstructValue(JsonHttpResponseCodec.java:40)
	at org.openqa.selenium.remote.http.AbstractHttpResponseCodec.decode(AbstractHttpResponseCodec.java:82)
	at org.openqa.selenium.remote.http.AbstractHttpResponseCodec.decode(AbstractHttpResponseCodec.java:45)
	at org.openqa.selenium.remote.HttpCommandExecutor.execute(HttpCommandExecutor.java:164)
	at io.appium.java_client.remote.AppiumCommandExecutor.execute(AppiumCommandExecutor.java:89)
	at org.openqa.selenium.remote.RemoteWebDriver.execute(RemoteWebDriver.java:586)
	at io.appium.java_client.DefaultGenericMobileDriver.execute(DefaultGenericMobileDriver.java:42)
	at io.appium.java_client.AppiumDriver.execute(AppiumDriver.java:1)
	at io.appium.java_client.android.AndroidDriver.execute(AndroidDriver.java:1)
	at org.openqa.selenium.remote.RemoteWebElement.execute(RemoteWebElement.java:279)
	at io.appium.java_client.DefaultGenericMobileElement.execute(DefaultGenericMobileElement.java:45)
	at io.appium.java_client.MobileElement.execute(MobileElement.java:1)
	at io.appium.java_client.android.AndroidElement.execute(AndroidElement.java:1)
	at org.openqa.selenium.remote.RemoteWebElement.click(RemoteWebElement.java:83)
	at com.healthec.test.functional.DashboardPageUC.dashBoardPageTC_017(DashboardPageUC.java:189)
... Removed 29 stack frames]]>
    </failure>
  </testcase> <!-- dashBoardPageTC_017 -->
  <testcase name="dashBoardPageTC_018" time="5.942" classname="com.healthec.test.functional.DashboardPageUC"/>
  <testcase name="dashBoardPageTC_006" time="0.0" classname="com.healthec.test.functional.DashboardPageUC">
    <ignored/>
  </testcase> <!-- dashBoardPageTC_006 -->
  <testcase name="dashBoardPageTC_001" time="0.0" classname="com.healthec.test.functional.DashboardPageUC">
    <ignored/>
  </testcase> <!-- dashBoardPageTC_001 -->
  <testcase name="dashBoardPageTC_005" time="0.0" classname="com.healthec.test.functional.DashboardPageUC">
    <ignored/>
  </testcase> <!-- dashBoardPageTC_005 -->
  <testcase name="dashBoardPageTC_003" time="0.0" classname="com.healthec.test.functional.DashboardPageUC">
    <ignored/>
  </testcase> <!-- dashBoardPageTC_003 -->
  <testcase name="dashBoardPageTC_002" time="0.0" classname="com.healthec.test.functional.DashboardPageUC">
    <ignored/>
  </testcase> <!-- dashBoardPageTC_002 -->
  <testcase name="dashBoardPageTC_004" time="0.0" classname="com.healthec.test.functional.DashboardPageUC">
    <ignored/>
  </testcase> <!-- dashBoardPageTC_004 -->
</testsuite> <!-- DashboardPageTest -->
