<?xml version="1.0" encoding="UTF-8"?>
<!-- Generated by org.testng.reporters.JUnitXMLReporter -->
<testsuite hostname="DT-AKASHM" ignored="3" name="LoginPageTest" tests="1" failures="0" timestamp="25 Dec 2017 09:37:49 GMT" time="43.654" errors="0">
  <testcase name="Loginpage_TC_009" time="17.301" classname="com.healthec.test.functional.LoginPageUC"/>
  <testcase name="Loginpage_TC_001" time="0.0" classname="com.healthec.test.functional.LoginPageUC">
    <ignored/>
  </testcase> <!-- Loginpage_TC_001 -->
  <testcase name="Loginpage_TC_003" time="0.0" classname="com.healthec.test.functional.LoginPageUC">
    <ignored/>
  </testcase> <!-- Loginpage_TC_003 -->
  <testcase name="Loginpage_TC_002" time="0.0" classname="com.healthec.test.functional.LoginPageUC">
    <ignored/>
  </testcase> <!-- Loginpage_TC_002 -->
</testsuite> <!-- LoginPageTest -->
