<?xml version="1.0" encoding="UTF-8"?>
<!-- Generated by org.testng.reporters.JUnitXMLReporter -->
<testsuite hostname="DT-AKASHM" ignored="0" name="SignUpPageTest" tests="1" failures="1" timestamp="12 Oct 2017 13:40:15 GMT" time="277.174" errors="0">
  <testcase name="signUpPageTC_001" time="242.102" classname="com.healthec.test.functional.SignUpPageUC">
    <failure type="org.openqa.selenium.WebDriverException" message="An unknown server-side error occurred while processing the command. Original error: Could not proxy. Proxy error: Could not proxy command to remote server. Original error: Error: ESOCKETTIMEDOUT (WARNING: The server did not provide any stacktrace information)
Command duration or timeout: 0 milliseconds
Build info: version: &amp;apos;3.6.0&amp;apos;, revision: &amp;apos;6fbf3ec767&amp;apos;, time: &amp;apos;2017-09-27T15:28:36.4Z&amp;apos;
System info: host: &amp;apos;DT-AKASHM&amp;apos;, ip: &amp;apos;192.168.15.118&amp;apos;, os.name: &amp;apos;Windows 10&amp;apos;, os.arch: &amp;apos;amd64&amp;apos;, os.version: &amp;apos;10.0&amp;apos;, java.version: &amp;apos;1.8.0_131&amp;apos;
Driver info: io.appium.java_client.android.AndroidDriver
Capabilities [{appPackage=com.healthec.providereconnect.phrpro, deviceScreenSize=720x1280, networkConnectionEnabled=true, warnings={}, databaseEnabled=false, deviceName=5203512a4ea18309, platform=LINUX, deviceUDID=5203512a4ea18309, appActivity=com.healthec.providereconnect.phrpro.HEALTHECPhrProActivity, platfromName=Android, desired={appPackage=com.healthec.providereconnect.phrpro, appActivity=com.healthec.providereconnect.phrpro.HEALTHECPhrProActivity, platfromName=Android, platformVersion=6.0.1, platformName=Android, deviceName=Real Device}, platformVersion=6.0.1, webStorageEnabled=false, locationContextEnabled=false, takesScreenshot=true, javascriptEnabled=true, deviceModel=SM-J700F, deviceManufacturer=samsung, platformName=LINUX}]
Session ID: fe4fb413-b661-49e4-9c03-c2b2725bf963">
      <![CDATA[org.openqa.selenium.WebDriverException: An unknown server-side error occurred while processing the command. Original error: Could not proxy. Proxy error: Could not proxy command to remote server. Original error: Error: ESOCKETTIMEDOUT (WARNING: The server did not provide any stacktrace information)
Command duration or timeout: 0 milliseconds
Build info: version: '3.6.0', revision: '6fbf3ec767', time: '2017-09-27T15:28:36.4Z'
System info: host: 'DT-AKASHM', ip: '192.168.15.118', os.name: 'Windows 10', os.arch: 'amd64', os.version: '10.0', java.version: '1.8.0_131'
Driver info: io.appium.java_client.android.AndroidDriver
Capabilities [{appPackage=com.healthec.providereconnect.phrpro, deviceScreenSize=720x1280, networkConnectionEnabled=true, warnings={}, databaseEnabled=false, deviceName=5203512a4ea18309, platform=LINUX, deviceUDID=5203512a4ea18309, appActivity=com.healthec.providereconnect.phrpro.HEALTHECPhrProActivity, platfromName=Android, desired={appPackage=com.healthec.providereconnect.phrpro, appActivity=com.healthec.providereconnect.phrpro.HEALTHECPhrProActivity, platfromName=Android, platformVersion=6.0.1, platformName=Android, deviceName=Real Device}, platformVersion=6.0.1, webStorageEnabled=false, locationContextEnabled=false, takesScreenshot=true, javascriptEnabled=true, deviceModel=SM-J700F, deviceManufacturer=samsung, platformName=LINUX}]
Session ID: fe4fb413-b661-49e4-9c03-c2b2725bf963
	at org.openqa.selenium.remote.ErrorHandler.createThrowable(ErrorHandler.java:214)
	at org.openqa.selenium.remote.ErrorHandler.throwIfResponseFailed(ErrorHandler.java:166)
	at org.openqa.selenium.remote.http.JsonHttpResponseCodec.reconstructValue(JsonHttpResponseCodec.java:40)
	at org.openqa.selenium.remote.http.AbstractHttpResponseCodec.decode(AbstractHttpResponseCodec.java:82)
	at org.openqa.selenium.remote.http.AbstractHttpResponseCodec.decode(AbstractHttpResponseCodec.java:45)
	at org.openqa.selenium.remote.HttpCommandExecutor.execute(HttpCommandExecutor.java:164)
	at io.appium.java_client.remote.AppiumCommandExecutor.execute(AppiumCommandExecutor.java:89)
	at org.openqa.selenium.remote.RemoteWebDriver.execute(RemoteWebDriver.java:586)
	at io.appium.java_client.DefaultGenericMobileDriver.execute(DefaultGenericMobileDriver.java:42)
	at io.appium.java_client.AppiumDriver.execute(AppiumDriver.java:1)
	at io.appium.java_client.android.AndroidDriver.execute(AndroidDriver.java:1)
	at org.openqa.selenium.remote.RemoteWebElement.execute(RemoteWebElement.java:279)
	at io.appium.java_client.DefaultGenericMobileElement.execute(DefaultGenericMobileElement.java:45)
	at io.appium.java_client.MobileElement.execute(MobileElement.java:1)
	at io.appium.java_client.android.AndroidElement.execute(AndroidElement.java:1)
	at org.openqa.selenium.remote.RemoteWebElement.click(RemoteWebElement.java:83)
	at com.healthec.test.functional.SignUpPageUC.signUpPageTC_001(SignUpPageUC.java:61)
... Removed 29 stack frames]]>
    </failure>
  </testcase> <!-- signUpPageTC_001 -->
</testsuite> <!-- SignUpPageTest -->
